#
# There is insufficient memory for the Java Runtime Environment to continue.
# Native memory allocation (malloc) failed to allocate 1022656 bytes for Chunk::new
# Possible reasons:
#   The system is out of physical RAM or swap space
#   In 32 bit mode, the process size limit was hit
# Possible solutions:
#   Reduce memory load on the system
#   Increase physical memory or swap space
#   Check if swap backing store is full
#   Use 64 bit Java on a 64 bit OS
#   Decrease Java heap size (-Xmx/-Xms)
#   Decrease number of Java threads
#   Decrease Java thread stack sizes (-Xss)
#   Set larger code cache with -XX:ReservedCodeCacheSize=
# This output file may be truncated or incomplete.
#
#  Out of Memory Error (allocation.cpp:390), pid=10716, tid=3868
#
# JRE version: Java(TM) SE Runtime Environment (8.0_91-b14) (build 1.8.0_91-b14)
# Java VM: Java HotSpot(TM) 64-Bit Server VM (25.91-b14 mixed mode windows-amd64 compressed oops)
# Failed to write core dump. Minidumps are not enabled by default on client versions of Windows
#

---------------  T H R E A D  ---------------

Current thread (0x00000000162f2800):  JavaThread "C2 CompilerThread1" daemon [_thread_in_native, id=3868, stack(0x00000000166f0000,0x00000000167f0000)]

Stack: [0x00000000166f0000,0x00000000167f0000]
[error occurred during error reporting (printing stack bounds), id 0xc0000005]

Native frames: (J=compiled Java code, j=interpreted, Vv=VM code, C=native code)


Current CompileTask:
C2:   2764  770       4       sun.font.TrueTypeFont::initAllNames (177 bytes)


---------------  P R O C E S S  ---------------

Java Threads: ( => current thread )
  0x0000000016c3d000 JavaThread "D3D Screen Updater" daemon [_thread_in_native, id=10908, stack(0x000000001a7f0000,0x000000001a8f0000)]
  0x00000000025a0800 JavaThread "DestroyJavaVM" [_thread_blocked, id=3676, stack(0x00000000024a0000,0x00000000025a0000)]
  0x0000000016b85800 JavaThread "AWT-EventQueue-0" [_thread_in_native, id=3656, stack(0x0000000019d60000,0x0000000019e60000)]
  0x00000000166c3800 JavaThread "AWT-Windows" daemon [_thread_in_native, id=10744, stack(0x0000000017550000,0x0000000017650000)]
  0x00000000166bf800 JavaThread "AWT-Shutdown" [_thread_blocked, id=2476, stack(0x0000000017450000,0x0000000017550000)]
  0x00000000166bd800 JavaThread "Java2D Disposer" daemon [_thread_blocked, id=10544, stack(0x0000000017350000,0x0000000017450000)]
  0x0000000016373800 JavaThread "Service Thread" daemon [_thread_blocked, id=3252, stack(0x00000000168f0000,0x00000000169f0000)]
  0x00000000162fb800 JavaThread "C1 CompilerThread2" daemon [_thread_blocked, id=5628, stack(0x00000000167f0000,0x00000000168f0000)]
=>0x00000000162f2800 JavaThread "C2 CompilerThread1" daemon [_thread_in_native, id=3868, stack(0x00000000166f0000,0x00000000167f0000)]
  0x0000000014cec000 JavaThread "C2 CompilerThread0" daemon [_thread_blocked, id=11204, stack(0x00000000161f0000,0x00000000162f0000)]
  0x0000000014cea000 JavaThread "Attach Listener" daemon [_thread_blocked, id=10936, stack(0x00000000160f0000,0x00000000161f0000)]
  0x0000000014ce9800 JavaThread "Signal Dispatcher" daemon [_thread_blocked, id=10528, stack(0x0000000015ff0000,0x00000000160f0000)]
  0x0000000014c7a800 JavaThread "Finalizer" daemon [_thread_blocked, id=500, stack(0x0000000015ef0000,0x0000000015ff0000)]
  0x0000000002690000 JavaThread "Reference Handler" daemon [_thread_blocked, id=7156, stack(0x0000000015df0000,0x0000000015ef0000)]

Other Threads:
  0x0000000014c57800 VMThread [stack: 0x0000000015cf0000,0x0000000015df0000] [id=2340]
  0x00000000163b4800 WatcherThread [stack: 0x00000000169f0000,0x0000000016af0000] [id=11236]

VM state:not at safepoint (normal execution)

VM Mutex/Monitor currently owned by a thread: None

Heap:
 PSYoungGen      total 18944K, used 4958K [0x00000000eb300000, 0x00000000ec800000, 0x0000000100000000)
  eden space 16384K, 14% used [0x00000000eb300000,0x00000000eb55d9f0,0x00000000ec300000)
  from space 2560K, 99% used [0x00000000ec300000,0x00000000ec57a020,0x00000000ec580000)
  to   space 2560K, 0% used [0x00000000ec580000,0x00000000ec580000,0x00000000ec800000)
 ParOldGen       total 44032K, used 538K [0x00000000c1800000, 0x00000000c4300000, 0x00000000eb300000)
  object space 44032K, 1% used [0x00000000c1800000,0x00000000c18868b0,0x00000000c4300000)
 Metaspace       used 10878K, capacity 11132K, committed 11392K, reserved 1060864K
  class space    used 1453K, capacity 1546K, committed 1664K, reserved 1048576K

Card table byte_map: [0x0000000011a60000,0x0000000011c60000] byte_map_base: 0x0000000011454000

Marking Bits: (ParMarkBitMap*) 0x000000005da42f70
 Begin Bits: [0x00000000121b0000, 0x0000000013150000)
 End Bits:   [0x0000000013150000, 0x00000000140f0000)

Polling page: 0x00000000001f0000

CodeCache: size=245760Kb used=3190Kb max_used=3190Kb free=242570Kb
 bounds [0x00000000026a0000, 0x00000000029c0000, 0x00000000116a0000]
 total_blobs=1328 nmethods=861 adapters=380
 compilation: enabled

Compilation events (10 events):
Event: 2.591 Thread 0x00000000162fb800 nmethod 851 0x00000000029aa3d0 code [0x00000000029aa520, 0x00000000029aa630]
Event: 2.591 Thread 0x00000000162fb800  852       1       sun.java2d.pipe.Region::getHiY (5 bytes)
Event: 2.591 Thread 0x00000000162fb800 nmethod 852 0x00000000029aa110 code [0x00000000029aa260, 0x00000000029aa370]
Event: 2.592 Thread 0x0000000014cec000 nmethod 816 0x00000000029a9d90 code [0x00000000029a9ee0, 0x00000000029a9ff8]
Event: 2.592 Thread 0x0000000014cec000  789       4       sun.java2d.pipe.RenderBuffer::putInt (26 bytes)
Event: 2.594 Thread 0x0000000014cec000 nmethod 789 0x00000000029a9b50 code [0x00000000029a9c80, 0x00000000029a9d18]
Event: 2.594 Thread 0x0000000014cec000  788       4       java.lang.ref.SoftReference::get (29 bytes)
Event: 2.595 Thread 0x0000000014cec000 nmethod 788 0x00000000029a9910 code [0x00000000029a9a40, 0x00000000029a9ad8]
Event: 2.598 Thread 0x00000000162fb800  854       3       sun.util.locale.LocaleUtils::isUpper (18 bytes)
Event: 2.598 Thread 0x00000000162fb800 nmethod 854 0x00000000029a9310 code [0x00000000029a9460, 0x00000000029a9630]

GC Heap History (2 events):
Event: 2.448 GC heap before
{Heap before GC invocations=1 (full 0):
 PSYoungGen      total 18944K, used 16177K [0x00000000eb300000, 0x00000000ec800000, 0x0000000100000000)
  eden space 16384K, 98% used [0x00000000eb300000,0x00000000ec2cc690,0x00000000ec300000)
  from space 2560K, 0% used [0x00000000ec580000,0x00000000ec580000,0x00000000ec800000)
  to   space 2560K, 0% used [0x00000000ec300000,0x00000000ec300000,0x00000000ec580000)
 ParOldGen       total 44032K, used 0K [0x00000000c1800000, 0x00000000c4300000, 0x00000000eb300000)
  object space 44032K, 0% used [0x00000000c1800000,0x00000000c1800000,0x00000000c4300000)
 Metaspace       used 10638K, capacity 10844K, committed 11008K, reserved 1058816K
  class space    used 1431K, capacity 1514K, committed 1536K, reserved 1048576K
Event: 2.463 GC heap after
Heap after GC invocations=1 (full 0):
 PSYoungGen      total 18944K, used 2536K [0x00000000eb300000, 0x00000000ec800000, 0x0000000100000000)
  eden space 16384K, 0% used [0x00000000eb300000,0x00000000eb300000,0x00000000ec300000)
  from space 2560K, 99% used [0x00000000ec300000,0x00000000ec57a020,0x00000000ec580000)
  to   space 2560K, 0% used [0x00000000ec580000,0x00000000ec580000,0x00000000ec800000)
 ParOldGen       total 44032K, used 538K [0x00000000c1800000, 0x00000000c4300000, 0x00000000eb300000)
  object space 44032K, 1% used [0x00000000c1800000,0x00000000c18868b0,0x00000000c4300000)
 Metaspace       used 10638K, capacity 10844K, committed 11008K, reserved 1058816K
  class space    used 1431K, capacity 1514K, committed 1536K, reserved 1048576K
}

Deoptimization events (10 events):
Event: 1.538 Thread 0x0000000016b85800 Uncommon trap: reason=class_check action=maybe_recompile pc=0x000000000281015c method=java.lang.String.equals(Ljava/lang/Object;)Z @ 8
Event: 1.538 Thread 0x0000000016b85800 Uncommon trap: reason=class_check action=maybe_recompile pc=0x000000000281015c method=java.lang.String.equals(Ljava/lang/Object;)Z @ 8
Event: 1.538 Thread 0x0000000016b85800 Uncommon trap: reason=class_check action=maybe_recompile pc=0x000000000281015c method=java.lang.String.equals(Ljava/lang/Object;)Z @ 8
Event: 1.538 Thread 0x0000000016b85800 Uncommon trap: reason=class_check action=maybe_recompile pc=0x000000000281015c method=java.lang.String.equals(Ljava/lang/Object;)Z @ 8
Event: 2.102 Thread 0x0000000016b85800 Uncommon trap: reason=class_check action=maybe_recompile pc=0x0000000002910498 method=java.util.HashMap.putVal(ILjava/lang/Object;Ljava/lang/Object;ZZ)Ljava/lang/Object; @ 203
Event: 2.102 Thread 0x0000000016b85800 Uncommon trap: reason=class_check action=maybe_recompile pc=0x0000000002910498 method=java.util.HashMap.putVal(ILjava/lang/Object;Ljava/lang/Object;ZZ)Ljava/lang/Object; @ 203
Event: 2.102 Thread 0x0000000016b85800 Uncommon trap: reason=class_check action=maybe_recompile pc=0x0000000002910498 method=java.util.HashMap.putVal(ILjava/lang/Object;Ljava/lang/Object;ZZ)Ljava/lang/Object; @ 203
Event: 2.105 Thread 0x0000000016b85800 Uncommon trap: reason=class_check action=maybe_recompile pc=0x0000000002910498 method=java.util.HashMap.putVal(ILjava/lang/Object;Ljava/lang/Object;ZZ)Ljava/lang/Object; @ 203
Event: 2.178 Thread 0x0000000016b85800 Uncommon trap: reason=unstable_if action=reinterpret pc=0x0000000002976234 method=java.lang.Character.isSurrogate(C)Z @ 3
Event: 2.178 Thread 0x0000000016b85800 Uncommon trap: reason=unstable_if action=reinterpret pc=0x00000000028d24d4 method=java.lang.String.toLowerCase(Ljava/util/Locale;)Ljava/lang/String; @ 37

Internal exceptions (10 events):
Event: 0.085 Thread 0x00000000025a0800 Exception <a 'java/lang/NoSuchMethodError': Method sun.misc.Unsafe.defineClass(Ljava/lang/String;[BII)Ljava/lang/Class; name or signature does not match> (0x00000000eb307cc0) thrown at [C:\re\workspace\8-2-build-windows-amd64-cygwin\jdk8u91\6644\hotspot\srT©Ë‡µ?
Event: 0.085 Thread 0x00000000025a0800 Exception <a 'java/lang/NoSuchMethodError': Method sun.misc.Unsafe.prefetchRead(Ljava/lang/Object;J)V name or signature does not match> (0x00000000eb307fa8) thrown at [C:\re\workspace\8-2-build-windows-amd64-cygwin\jdk8u91\6644\hotspot\src\share\vm\prims\jê_q¥Ô†◊?
Event: 0.369 Thread 0x00000000025a0800 Exception <a 'java/security/PrivilegedActionException'> (0x00000000eb425018) thrown at [C:\re\workspace\8-2-build-windows-amd64-cygwin\jdk8u91\6644\hotspot\src\share\vm\prims\jvm.cpp, line 1386]
Event: 0.369 Thread 0x00000000025a0800 Exception <a 'java/security/PrivilegedActionException'> (0x00000000eb425228) thrown at [C:\re\workspace\8-2-build-windows-amd64-cygwin\jdk8u91\6644\hotspot\src\share\vm\prims\jvm.cpp, line 1386]
Event: 0.372 Thread 0x00000000025a0800 Exception <a 'java/security/PrivilegedActionException'> (0x00000000eb428dd0) thrown at [C:\re\workspace\8-2-build-windows-amd64-cygwin\jdk8u91\6644\hotspot\src\share\vm\prims\jvm.cpp, line 1386]
Event: 0.372 Thread 0x00000000025a0800 Exception <a 'java/security/PrivilegedActionException'> (0x00000000eb428fe0) thrown at [C:\re\workspace\8-2-build-windows-amd64-cygwin\jdk8u91\6644\hotspot\src\share\vm\prims\jvm.cpp, line 1386]
Event: 0.400 Thread 0x00000000025a0800 Exception <a 'java/io/FileNotFoundException'> (0x00000000eb43db60) thrown at [C:\re\workspace\8-2-build-windows-amd64-cygwin\jdk8u91\6644\hotspot\src\share\vm\prims\jni.cpp, line 709]
Event: 0.510 Thread 0x00000000025a0800 Exception <a 'java/lang/NoSuchFieldError': method resolution failed> (0x00000000eb50bfb8) thrown at [C:\re\workspace\8-2-build-windows-amd64-cygwin\jdk8u91\6644\hotspot\src\share\vm\prims\methodHandles.cpp, line 1146]
Event: 0.517 Thread 0x00000000025a0800 Exception <a 'java/lang/NoSuchFieldError': method resolution failed> (0x00000000eb519388) thrown at [C:\re\workspace\8-2-build-windows-amd64-cygwin\jdk8u91\6644\hotspot\src\share\vm\prims\methodHandles.cpp, line 1146]
Event: 0.666 Thread 0x00000000025a0800 Exception <a 'java/io/FileNotFoundException'> (0x00000000eb5ae250) thrown at [C:\re\workspace\8-2-build-windows-amd64-cygwin\jdk8u91\6644\hotspot\src\share\vm\prims\jni.cpp, line 709]

Events (10 events):
Event: 2.598 loading class sun/util/locale/StringTokenIterator
Event: 2.598 loading class sun/util/locale/StringTokenIterator done
Event: 2.599 loading class sun/util/locale/InternalLocaleBuilder
Event: 2.599 loading class sun/util/locale/InternalLocaleBuilder done
Event: 2.599 loading class sun/util/locale/InternalLocaleBuilder$CaseInsensitiveChar
Event: 2.599 loading class sun/util/locale/InternalLocaleBuilder$CaseInsensitiveChar done
Event: 2.611 loading class java/awt/event/MouseWheelEvent
Event: 2.612 loading class java/awt/event/MouseWheelEvent done
Event: 2.612 loading class java/awt/AWTEvent$2
Event: 2.612 loading class java/awt/AWTEvent$2 done


Dynamic libraries:
0x00007ff7c6a10000 - 0x00007ff7c6a47000 	C:\Program Files\Java\jre1.8.0_91\bin\javaw.exe
0x00007ffa6bdb0000 - 0x00007ffa6bf71000 	C:\WINDOWS\SYSTEM32\ntdll.dll
0x00007ffa69500000 - 0x00007ffa695ad000 	C:\WINDOWS\system32\KERNEL32.DLL
0x00007ffa68dd0000 - 0x00007ffa68fb8000 	C:\WINDOWS\system32\KERNELBASE.dll
0x00007ffa6b150000 - 0x00007ffa6b1f7000 	C:\WINDOWS\system32\ADVAPI32.dll
0x00007ffa68ff0000 - 0x00007ffa6908d000 	C:\WINDOWS\system32\msvcrt.dll
0x00007ffa69380000 - 0x00007ffa693db000 	C:\WINDOWS\system32\sechost.dll
0x00007ffa6b260000 - 0x00007ffa6b37c000 	C:\WINDOWS\system32\RPCRT4.dll
0x00007ffa6ae80000 - 0x00007ffa6afd6000 	C:\WINDOWS\system32\USER32.dll
0x00007ffa6b380000 - 0x00007ffa6b506000 	C:\WINDOWS\system32\GDI32.dll
0x00007ffa618b0000 - 0x00007ffa61b24000 	C:\WINDOWS\WinSxS\amd64_microsoft.windows.common-controls_6595b64144ccf1df_6.0.10586.0_none_8c15ae12515e1c22\COMCTL32.dll
0x00007ffa69090000 - 0x00007ffa6930d000 	C:\WINDOWS\system32\combase.dll
0x00007ffa68910000 - 0x00007ffa6897a000 	C:\WINDOWS\system32\bcryptPrimitives.dll
0x00007ffa6ae30000 - 0x00007ffa6ae6b000 	C:\WINDOWS\system32\IMM32.DLL
0x000000005cd60000 - 0x000000005ce32000 	C:\Program Files\Java\jre1.8.0_91\bin\msvcr100.dll
0x000000005d230000 - 0x000000005dac3000 	C:\Program Files\Java\jre1.8.0_91\bin\server\jvm.dll
0x00007ffa68fc0000 - 0x00007ffa68fe3000 	C:\WINDOWS\system32\WINMM.dll
0x00007ffa681c0000 - 0x00007ffa681ec000 	C:\WINDOWS\system32\WINMMBASE.dll
0x00007ffa68210000 - 0x00007ffa68253000 	C:\WINDOWS\system32\cfgmgr32.dll
0x00007ffa57600000 - 0x00007ffa57609000 	C:\WINDOWS\SYSTEM32\WSOCK32.dll
0x00007ffa69490000 - 0x00007ffa69498000 	C:\WINDOWS\system32\PSAPI.DLL
0x00007ffa69310000 - 0x00007ffa6937b000 	C:\WINDOWS\system32\WS2_32.dll
0x00007ffa5e550000 - 0x00007ffa5e55a000 	C:\WINDOWS\SYSTEM32\VERSION.dll
0x000000005d140000 - 0x000000005d14f000 	C:\Program Files\Java\jre1.8.0_91\bin\verify.dll
0x000000005d110000 - 0x000000005d139000 	C:\Program Files\Java\jre1.8.0_91\bin\java.dll
0x000000005d0f0000 - 0x000000005d106000 	C:\Program Files\Java\jre1.8.0_91\bin\zip.dll
0x00007ffa695b0000 - 0x00007ffa6ab0c000 	C:\WINDOWS\system32\SHELL32.dll
0x00007ffa682c0000 - 0x00007ffa68904000 	C:\WINDOWS\system32\windows.storage.dll
0x00007ffa6b920000 - 0x00007ffa6b972000 	C:\WINDOWS\system32\shlwapi.dll
0x00007ffa681a0000 - 0x00007ffa681af000 	C:\WINDOWS\system32\kernel.appcore.dll
0x00007ffa68a90000 - 0x00007ffa68b45000 	C:\WINDOWS\system32\shcore.dll
0x00007ffa68260000 - 0x00007ffa682ab000 	C:\WINDOWS\system32\powrprof.dll
0x00007ffa681f0000 - 0x00007ffa68204000 	C:\WINDOWS\system32\profapi.dll
0x000000005cee0000 - 0x000000005d078000 	C:\Program Files\Java\jre1.8.0_91\bin\awt.dll
0x00007ffa6b620000 - 0x00007ffa6b6e1000 	C:\WINDOWS\system32\OLEAUT32.dll
0x00007ffa66ab0000 - 0x00007ffa66b29000 	C:\WINDOWS\system32\apphelp.dll
0x00007ffa64d10000 - 0x00007ffa64d32000 	C:\WINDOWS\system32\DWMAPI.DLL
0x00007ffa66c00000 - 0x00007ffa66c96000 	C:\WINDOWS\system32\uxtheme.dll
0x00007ffa6ac30000 - 0x00007ffa6ad8a000 	C:\WINDOWS\system32\MSCTF.dll
0x00007ffa6b000000 - 0x00007ffa6b143000 	C:\WINDOWS\system32\ole32.dll
0x00007ffa48f40000 - 0x00007ffa49150000 	C:\WINDOWS\system32\d3d9.dll
0x00007ffa62a80000 - 0x00007ffa62cef000 	C:\WINDOWS\SYSTEM32\d3d10warp.dll
0x000000005ce90000 - 0x000000005ced7000 	C:\Program Files\Java\jre1.8.0_91\bin\fontmanager.dll
0x000000005d0d0000 - 0x000000005d0ea000 	C:\Program Files\Java\jre1.8.0_91\bin\net.dll
0x00007ffa67a70000 - 0x00007ffa67acc000 	C:\WINDOWS\system32\mswsock.dll
0x000000005d0b0000 - 0x000000005d0c1000 	C:\Program Files\Java\jre1.8.0_91\bin\nio.dll
0x00007ffa693e0000 - 0x00007ffa69487000 	C:\WINDOWS\system32\clbcatq.dll
0x00007ffa628c0000 - 0x00007ffa62a71000 	C:\WINDOWS\SYSTEM32\WindowsCodecs.dll
0x00007ffa533d0000 - 0x00007ffa5341a000 	C:\WINDOWS\system32\dataexchange.dll
0x00007ffa62e30000 - 0x00007ffa630d8000 	C:\WINDOWS\system32\d3d11.dll
0x00007ffa668b0000 - 0x00007ffa66993000 	C:\WINDOWS\system32\dcomp.dll
0x00007ffa62cf0000 - 0x00007ffa62d92000 	C:\WINDOWS\system32\dxgi.dll
0x00007ffa66cc0000 - 0x00007ffa66dc0000 	C:\WINDOWS\system32\twinapi.appcore.dll
0x00007ffa680d0000 - 0x00007ffa680f9000 	C:\WINDOWS\system32\bcrypt.dll
0x000000005ce40000 - 0x000000005ce82000 	C:\Program Files\Java\jre1.8.0_91\bin\t2k.dll
0x00007ffa4e870000 - 0x00007ffa4ea51000 	C:\WINDOWS\system32\sogoutsf.ime
0x00007ffa60f00000 - 0x00007ffa60f07000 	C:\WINDOWS\system32\MSIMG32.dll
0x00007ffa67690000 - 0x00007ffa676c1000 	C:\WINDOWS\SYSTEM32\ntmarta.dll
0x00007ffa4da50000 - 0x00007ffa4e2e0000 	C:\WINDOWS\system32\SogouPy.ime
0x00007ffa52f40000 - 0x00007ffa52faa000 	C:\WINDOWS\SYSTEM32\OLEACC.dll
0x000000001dda0000 - 0x000000001de7d000 	C:\Program Files (x86)\SogouInput\8.0.0.8051\Resource.dll
0x00007ffa64a20000 - 0x00007ffa64c57000 	C:\Program Files (x86)\SogouInput\Components\PicFace\1.0.0.1455\PicFace64.dll

VM Arguments:
jvm_args: -Dfile.encoding=GBK 
java_command: exam.Tea_titleedit
java_class_path (initial): C:\Users\HP-PC\Desktop\WorkSpace\Exam\bin;C:\Users\HP-PC\Desktop\WorkSpace\Exam\lib\mysql-connector-java-5.1.39-bin.jar
Launcher Type: SUN_STANDARD

Environment Variables:
JAVA_HOME=C:\Program Files\Java\jdk1.8.0_91
CLASSPATH= .;C:\Program Files\Java\jdk1.8.0_91\lib;C:\Program Files\Java\jdk1.8.0_91\lib\tools.jar
PATH=C:/Program Files/Java/jre1.8.0_91/bin/server;C:/Program Files/Java/jre1.8.0_91/bin;C:/Program Files/Java/jre1.8.0_91/lib/amd64;C:\ProgramData\Oracle\Java\javapath;C:\Program Files (x86)\AMD APP\bin\x86_64;C:\Program Files (x86)\AMD APP\bin\x86;C:\WINDOWS\system32;C:\WINDOWS;C:\WINDOWS\System32\Wbem;C:\WINDOWS\System32\WindowsPowerShell\v1.0\;C:\Program Files (x86)\ATI Technologies\ATI.ACE\Core-Static;C:\Program Files (x86)\Intel\OpenCL SDK\3.0\bin\x86;C:\Program Files (x86)\Intel\OpenCL SDK\3.0\bin\x64;C:\Program Files (x86)\Yuguo;C:\Program Files\Microsoft\Web Platform Installer\;C:\Program Files (x86)\MySQL\MySQL Fabric 1.5 & MySQL Utilities 1.5\;C:\Program Files (x86)\MySQL\MySQL Fabric 1.5 & MySQL Utilities 1.5\Doctrine extensions for PHP\;C:\Program Files\Java\jdk1.8.0_91\bin\javaw;F:\eclipse;
USERNAME=HP-PC
OS=Windows_NT
PROCESSOR_IDENTIFIER=Intel64 Family 6 Model 58 Stepping 9, GenuineIntel



---------------  S Y S T E M  ---------------

OS: Windows 10.0 , 64 bit Build 10586 (10.0.10586.0)

CPU:total 4 (2 cores per cpu, 2 threads per core) family 6 model 58 stepping 9, cmov, cx8, fxsr, mmx, sse, sse2, sse3, ssse3, sse4.1, sse4.2, popcnt, avx, aes, clmul, erms, ht, tsc, tscinvbit, tscinv

Memory: 4k page, physical 4090216k(553492k free), swap 8268136k(2280k free)

vm_info: Java HotSpot(TM) 64-Bit Server VM (25.91-b14) for windows-amd64 JRE (1.8.0_91-b14), built on Apr  1 2016 00:58:32 by "java_re" with MS VC++ 10.0 (VS2010)

time: Tue Jul 05 16:46:02 2016
elapsed time: 2 seconds (0d 0h 0m 2s)

