#
# There is insufficient memory for the Java Runtime Environment to continue.
# Native memory allocation (malloc) failed to allocate 71824 bytes for Chunk::new
# Possible reasons:
#   The system is out of physical RAM or swap space
#   In 32 bit mode, the process size limit was hit
# Possible solutions:
#   Reduce memory load on the system
#   Increase physical memory or swap space
#   Check if swap backing store is full
#   Use 64 bit Java on a 64 bit OS
#   Decrease Java heap size (-Xmx/-Xms)
#   Decrease number of Java threads
#   Decrease Java thread stack sizes (-Xss)
#   Set larger code cache with -XX:ReservedCodeCacheSize=
# This output file may be truncated or incomplete.
#
#  Out of Memory Error (allocation.cpp:390), pid=8728, tid=10212
#
# JRE version: Java(TM) SE Runtime Environment (8.0_91-b14) (build 1.8.0_91-b14)
# Java VM: Java HotSpot(TM) 64-Bit Server VM (25.91-b14 mixed mode windows-amd64 compressed oops)
# Failed to write core dump. Minidumps are not enabled by default on client versions of Windows
#

---------------  T H R E A D  ---------------

Current thread (0x0000000002510800):  JavaThread "main" [_thread_in_native, id=10212, stack(0x0000000001fd0000,0x00000000020d0000)]

Stack: [0x0000000001fd0000,0x00000000020d0000]
[error occurred during error reporting (printing stack bounds), id 0xc0000005]

Native frames: (J=compiled Java code, j=interpreted, Vv=VM code, C=native code)

Java frames: (J=compiled Java code, j=interpreted, Vv=VM code)
j  java.lang.ClassLoader.findBootstrapClass(Ljava/lang/String;)Ljava/lang/Class;+0
j  java.lang.ClassLoader.findBootstrapClassOrNull(Ljava/lang/String;)Ljava/lang/Class;+12
j  java.lang.ClassLoader.loadClass(Ljava/lang/String;Z)Ljava/lang/Class;+48
j  java.lang.ClassLoader.loadClass(Ljava/lang/String;Z)Ljava/lang/Class;+38
j  sun.misc.Launcher$AppClassLoader.loadClass(Ljava/lang/String;Z)Ljava/lang/Class;+81
j  java.lang.ClassLoader.loadClass(Ljava/lang/String;)Ljava/lang/Class;+3
v  ~StubRoutines::call_stub
j  java.lang.ClassLoader.defineClass1(Ljava/lang/String;[BIILjava/security/ProtectionDomain;Ljava/lang/String;)Ljava/lang/Class;+0
j  java.lang.ClassLoader.defineClass(Ljava/lang/String;[BIILjava/security/ProtectionDomain;)Ljava/lang/Class;+27
j  java.security.SecureClassLoader.defineClass(Ljava/lang/String;[BIILjava/security/CodeSource;)Ljava/lang/Class;+12
j  java.net.URLClassLoader.defineClass(Ljava/lang/String;Lsun/misc/Resource;)Ljava/lang/Class;+138
j  java.net.URLClassLoader.access$100(Ljava/net/URLClassLoader;Ljava/lang/String;Lsun/misc/Resource;)Ljava/lang/Class;+3
j  java.net.URLClassLoader$1.run()Ljava/lang/Class;+43
j  java.net.URLClassLoader$1.run()Ljava/lang/Object;+1
v  ~StubRoutines::call_stub
j  java.security.AccessController.doPrivileged(Ljava/security/PrivilegedExceptionAction;Ljava/security/AccessControlContext;)Ljava/lang/Object;+0
j  java.net.URLClassLoader.findClass(Ljava/lang/String;)Ljava/lang/Class;+13
j  java.lang.ClassLoader.loadClass(Ljava/lang/String;Z)Ljava/lang/Class;+70
j  sun.misc.Launcher$AppClassLoader.loadClass(Ljava/lang/String;Z)Ljava/lang/Class;+81
j  java.lang.ClassLoader.loadClass(Ljava/lang/String;)Ljava/lang/Class;+3
j  sun.launcher.LauncherHelper.checkAndLoadMain(ZILjava/lang/String;)Ljava/lang/Class;+93
v  ~StubRoutines::call_stub

---------------  P R O C E S S  ---------------

Java Threads: ( => current thread )
  0x0000000014c5e800 JavaThread "Service Thread" daemon [_thread_blocked, id=8788, stack(0x0000000016860000,0x0000000016960000)]
  0x0000000014c28000 JavaThread "C1 CompilerThread2" daemon [_thread_blocked, id=8784, stack(0x0000000016760000,0x0000000016860000)]
  0x0000000014c1a800 JavaThread "C2 CompilerThread1" daemon [_thread_blocked, id=9088, stack(0x0000000016660000,0x0000000016760000)]
  0x0000000014c18800 JavaThread "C2 CompilerThread0" daemon [_thread_blocked, id=12108, stack(0x0000000016560000,0x0000000016660000)]
  0x0000000015fa3000 JavaThread "Attach Listener" daemon [_thread_blocked, id=12112, stack(0x0000000016460000,0x0000000016560000)]
  0x0000000015fa2800 JavaThread "Signal Dispatcher" daemon [_thread_blocked, id=12136, stack(0x0000000016360000,0x0000000016460000)]
  0x0000000014bea800 JavaThread "Finalizer" daemon [_thread_blocked, id=12128, stack(0x0000000015e60000,0x0000000015f60000)]
  0x0000000002600000 JavaThread "Reference Handler" daemon [_thread_blocked, id=10136, stack(0x0000000015d60000,0x0000000015e60000)]
=>0x0000000002510800 JavaThread "main" [_thread_in_native, id=10212, stack(0x0000000001fd0000,0x00000000020d0000)]

Other Threads:
  0x0000000014bc7800 VMThread [stack: 0x0000000015c60000,0x0000000015d60000] [id=12132]
  0x000000001602e800 WatcherThread [stack: 0x0000000016960000,0x0000000016a60000] [id=9072]

VM state:not at safepoint (normal execution)

VM Mutex/Monitor currently owned by a thread: None

Heap:
 PSYoungGen      total 18944K, used 1311K [0x00000000eb300000, 0x00000000ec800000, 0x0000000100000000)
  eden space 16384K, 8% used [0x00000000eb300000,0x00000000eb447d00,0x00000000ec300000)
  from space 2560K, 0% used [0x00000000ec580000,0x00000000ec580000,0x00000000ec800000)
  to   space 2560K, 0% used [0x00000000ec300000,0x00000000ec300000,0x00000000ec580000)
 ParOldGen       total 44032K, used 0K [0x00000000c1800000, 0x00000000c4300000, 0x00000000eb300000)
  object space 44032K, 0% used [0x00000000c1800000,0x00000000c1800000,0x00000000c4300000)
 Metaspace       used 2697K, capacity 4486K, committed 4864K, reserved 1056768K
  class space    used 287K, capacity 386K, committed 512K, reserved 1048576K

Card table byte_map: [0x00000000119d0000,0x0000000011bd0000] byte_map_base: 0x00000000113c4000

Marking Bits: (ParMarkBitMap*) 0x000000005e512f70
 Begin Bits: [0x0000000012120000, 0x00000000130c0000)
 End Bits:   [0x00000000130c0000, 0x0000000014060000)

Polling page: 0x0000000000500000

CodeCache: size=245760Kb used=1104Kb max_used=1104Kb free=244655Kb
 bounds [0x0000000002610000, 0x0000000002880000, 0x0000000011610000]
 total_blobs=262 nmethods=28 adapters=148
 compilation: enabled

Compilation events (10 events):
Event: 0.267 Thread 0x0000000014c28000   24  s    3       java.lang.StringBuffer::append (13 bytes)
Event: 0.268 Thread 0x0000000014c28000 nmethod 24 0x0000000002722450 code [0x00000000027225e0, 0x0000000002722ac8]
Event: 0.268 Thread 0x0000000014c28000   25       3       java.lang.String::getChars (62 bytes)
Event: 0.269 Thread 0x0000000014c28000 nmethod 25 0x0000000002721c50 code [0x0000000002721e00, 0x0000000002722238]
Event: 0.271 Thread 0x0000000014c28000   26       3       java.lang.String::indexOf (7 bytes)
Event: 0.271 Thread 0x0000000014c28000 nmethod 26 0x0000000002721850 code [0x00000000027219c0, 0x0000000002721bc8]
Event: 0.271 Thread 0x0000000014c28000   27       3       java.lang.AbstractStringBuilder::append (50 bytes)
Event: 0.272 Thread 0x0000000014c28000 nmethod 27 0x0000000002720fd0 code [0x0000000002721160, 0x0000000002721668]
Event: 0.283 Thread 0x0000000014c28000   28       3       java.util.Arrays::copyOfRange (63 bytes)
Event: 0.285 Thread 0x0000000014c28000 nmethod 28 0x0000000002723f10 code [0x0000000002724120, 0x0000000002724c58]

GC Heap History (0 events):
No events

Deoptimization events (0 events):
No events

Internal exceptions (2 events):
Event: 0.084 Thread 0x0000000002510800 Exception <a 'java/lang/NoSuchMethodError': Method sun.misc.Unsafe.defineClass(Ljava/lang/String;[BII)Ljava/lang/Class; name or signature does not match> (0x00000000eb307cc0) thrown at [C:\re\workspace\8-2-build-windows-amd64-cygwin\jdk8u91\6644\hotspot\sr—ÿ·ëµ?
Event: 0.084 Thread 0x0000000002510800 Exception <a 'java/lang/NoSuchMethodError': Method sun.misc.Unsafe.prefetchRead(Ljava/lang/Object;J)V name or signature does not match> (0x00000000eb307fa8) thrown at [C:\re\workspace\8-2-build-windows-amd64-cygwin\jdk8u91\6644\hotspot\src\share\vm\prims\j

Events (10 events):
Event: 0.284 loading class javax/swing/RootPaneContainer
Event: 0.284 loading class javax/swing/RootPaneContainer done
Event: 0.284 loading class javax/swing/TransferHandler$HasGetTransferHandler
Event: 0.284 loading class javax/swing/TransferHandler$HasGetTransferHandler done
Event: 0.284 loading class java/awt/Frame
Event: 0.285 loading class java/awt/MenuContainer
Event: 0.285 loading class java/awt/MenuContainer done
Event: 0.285 loading class java/awt/Window
Event: 0.285 loading class java/awt/Container
Event: 0.286 loading class java/awt/Component


Dynamic libraries:
0x00007ff76b0e0000 - 0x00007ff76b117000 	C:\Program Files\Java\jre1.8.0_91\bin\javaw.exe
0x00007ff9b9ab0000 - 0x00007ff9b9c71000 	C:\WINDOWS\SYSTEM32\ntdll.dll
0x00007ff9b6ec0000 - 0x00007ff9b6f6d000 	C:\WINDOWS\system32\KERNEL32.DLL
0x00007ff9b69f0000 - 0x00007ff9b6bd8000 	C:\WINDOWS\system32\KERNELBASE.dll
0x00007ff9b77a0000 - 0x00007ff9b7847000 	C:\WINDOWS\system32\ADVAPI32.dll
0x00007ff9b78e0000 - 0x00007ff9b797d000 	C:\WINDOWS\system32\msvcrt.dll
0x00007ff9b7480000 - 0x00007ff9b74db000 	C:\WINDOWS\system32\sechost.dll
0x00007ff9b8120000 - 0x00007ff9b823c000 	C:\WINDOWS\system32\RPCRT4.dll
0x00007ff9b6cf0000 - 0x00007ff9b6e46000 	C:\WINDOWS\system32\USER32.dll
0x00007ff9b7b50000 - 0x00007ff9b7cd6000 	C:\WINDOWS\system32\GDI32.dll
0x00007ff9ae710000 - 0x00007ff9ae984000 	C:\WINDOWS\WinSxS\amd64_microsoft.windows.common-controls_6595b64144ccf1df_6.0.10586.0_none_8c15ae12515e1c22\COMCTL32.dll
0x00007ff9b74e0000 - 0x00007ff9b775d000 	C:\WINDOWS\system32\combase.dll
0x00007ff9b6be0000 - 0x00007ff9b6c4a000 	C:\WINDOWS\system32\bcryptPrimitives.dll
0x00007ff9b7760000 - 0x00007ff9b779b000 	C:\WINDOWS\system32\IMM32.DLL
0x000000005da40000 - 0x000000005db12000 	C:\Program Files\Java\jre1.8.0_91\bin\msvcr100.dll
0x000000005dd00000 - 0x000000005e593000 	C:\Program Files\Java\jre1.8.0_91\bin\server\jvm.dll
0x00007ff9b6910000 - 0x00007ff9b6933000 	C:\WINDOWS\system32\WINMM.dll
0x00007ff9b5ed0000 - 0x00007ff9b5efc000 	C:\WINDOWS\system32\WINMMBASE.dll
0x00007ff9b6690000 - 0x00007ff9b66d3000 	C:\WINDOWS\system32\cfgmgr32.dll
0x00007ff9b7470000 - 0x00007ff9b7478000 	C:\WINDOWS\system32\PSAPI.DLL
0x00007ff9b1d90000 - 0x00007ff9b1d99000 	C:\WINDOWS\SYSTEM32\WSOCK32.dll
0x00007ff9b7ae0000 - 0x00007ff9b7b4b000 	C:\WINDOWS\system32\WS2_32.dll
0x00007ff9ab230000 - 0x00007ff9ab23a000 	C:\WINDOWS\SYSTEM32\VERSION.dll
0x000000005dc10000 - 0x000000005dc1f000 	C:\Program Files\Java\jre1.8.0_91\bin\verify.dll
0x000000005dbe0000 - 0x000000005dc09000 	C:\Program Files\Java\jre1.8.0_91\bin\java.dll
0x000000005dbc0000 - 0x000000005dbd6000 	C:\Program Files\Java\jre1.8.0_91\bin\zip.dll
0x00007ff9b8450000 - 0x00007ff9b99ac000 	C:\WINDOWS\system32\SHELL32.dll
0x00007ff9b5f60000 - 0x00007ff9b65a4000 	C:\WINDOWS\system32\windows.storage.dll
0x00007ff9b7fb0000 - 0x00007ff9b8002000 	C:\WINDOWS\system32\shlwapi.dll
0x00007ff9b5ea0000 - 0x00007ff9b5eaf000 	C:\WINDOWS\system32\kernel.appcore.dll
0x00007ff9b65b0000 - 0x00007ff9b6665000 	C:\WINDOWS\system32\shcore.dll
0x00007ff9b5f10000 - 0x00007ff9b5f5b000 	C:\WINDOWS\system32\powrprof.dll
0x00007ff9b5eb0000 - 0x00007ff9b5ec4000 	C:\WINDOWS\system32\profapi.dll

VM Arguments:
jvm_args: -Dfile.encoding=GBK 
java_command: exam.Grade_view
java_class_path (initial): C:\Users\HP-PC\Desktop\WorkSpace\Exam\bin;C:\Users\HP-PC\Desktop\WorkSpace\Exam\lib\mysql-connector-java-5.1.39-bin.jar
Launcher Type: SUN_STANDARD

Environment Variables:
JAVA_HOME=C:\Program Files\Java\jdk1.8.0_91
CLASSPATH= .;C:\Program Files\Java\jdk1.8.0_91\lib;C:\Program Files\Java\jdk1.8.0_91\lib\tools.jar
PATH=C:/Program Files/Java/jre1.8.0_91/bin/server;C:/Program Files/Java/jre1.8.0_91/bin;C:/Program Files/Java/jre1.8.0_91/lib/amd64;C:\ProgramData\Oracle\Java\javapath;C:\Program Files (x86)\AMD APP\bin\x86_64;C:\Program Files (x86)\AMD APP\bin\x86;C:\WINDOWS\system32;C:\WINDOWS;C:\WINDOWS\System32\Wbem;C:\WINDOWS\System32\WindowsPowerShell\v1.0\;C:\Program Files (x86)\ATI Technologies\ATI.ACE\Core-Static;C:\Program Files (x86)\Intel\OpenCL SDK\3.0\bin\x86;C:\Program Files (x86)\Intel\OpenCL SDK\3.0\bin\x64;C:\Program Files (x86)\Yuguo;C:\Program Files\Microsoft\Web Platform Installer\;C:\Program Files (x86)\MySQL\MySQL Fabric 1.5 & MySQL Utilities 1.5\;C:\Program Files (x86)\MySQL\MySQL Fabric 1.5 & MySQL Utilities 1.5\Doctrine extensions for PHP\;C:\Program Files\Java\jdk1.8.0_91\bin\javaw;F:\eclipse;
USERNAME=HP-PC
OS=Windows_NT
PROCESSOR_IDENTIFIER=Intel64 Family 6 Model 58 Stepping 9, GenuineIntel



---------------  S Y S T E M  ---------------

OS: Windows 10.0 , 64 bit Build 10586 (10.0.10586.0)

CPU:total 4 (2 cores per cpu, 2 threads per core) family 6 model 58 stepping 9, cmov, cx8, fxsr, mmx, sse, sse2, sse3, ssse3, sse4.1, sse4.2, popcnt, avx, aes, clmul, erms, ht, tsc, tscinvbit, tscinv

Memory: 4k page, physical 4090216k(944192k free), swap 8275852k(5128k free)

vm_info: Java HotSpot(TM) 64-Bit Server VM (25.91-b14) for windows-amd64 JRE (1.8.0_91-b14), built on Apr  1 2016 00:58:32 by "java_re" with MS VC++ 10.0 (VS2010)

time: Tue Jul 05 11:43:04 2016
elapsed time: 0 seconds (0d 0h 0m 0s)

