#
# There is insufficient memory for the Java Runtime Environment to continue.
# Native memory allocation (malloc) failed to allocate 1266016 bytes for Chunk::new
# Possible reasons:
#   The system is out of physical RAM or swap space
#   In 32 bit mode, the process size limit was hit
# Possible solutions:
#   Reduce memory load on the system
#   Increase physical memory or swap space
#   Check if swap backing store is full
#   Use 64 bit Java on a 64 bit OS
#   Decrease Java heap size (-Xmx/-Xms)
#   Decrease number of Java threads
#   Decrease Java thread stack sizes (-Xss)
#   Set larger code cache with -XX:ReservedCodeCacheSize=
# This output file may be truncated or incomplete.
#
#  Out of Memory Error (allocation.cpp:390), pid=10880, tid=10432
#
# JRE version: Java(TM) SE Runtime Environment (8.0_91-b14) (build 1.8.0_91-b14)
# Java VM: Java HotSpot(TM) 64-Bit Server VM (25.91-b14 mixed mode windows-amd64 compressed oops)
# Failed to write core dump. Minidumps are not enabled by default on client versions of Windows
#

---------------  T H R E A D  ---------------

Current thread (0x0000000014be7800):  JavaThread "C2 CompilerThread0" daemon [_thread_in_native, id=10432, stack(0x0000000016590000,0x0000000016690000)]

Stack: [0x0000000016590000,0x0000000016690000]
[error occurred during error reporting (printing stack bounds), id 0xc0000005]

Native frames: (J=compiled Java code, j=interpreted, Vv=VM code, C=native code)


Current CompileTask:
C2:   3230  860       4       sun.font.TrueTypeFont::initAllNames (177 bytes)


---------------  P R O C E S S  ---------------

Java Threads: ( => current thread )
  0x0000000019812800 JavaThread "Abandoned connection cleanup thread" daemon [_thread_blocked, id=2640, stack(0x0000000019f80000,0x000000001a080000)]
  0x00000000197f5000 JavaThread "TimerQueue" daemon [_thread_blocked, id=4728, stack(0x0000000019e80000,0x0000000019f80000)]
  0x00000000024e0800 JavaThread "DestroyJavaVM" [_thread_blocked, id=10576, stack(0x00000000023e0000,0x00000000024e0000)]
  0x00000000162b7000 JavaThread "AWT-EventQueue-0" [_thread_blocked, id=1852, stack(0x0000000016f00000,0x0000000017000000)]
  0x000000001630c000 JavaThread "AWT-Windows" daemon [_thread_in_native, id=10288, stack(0x0000000016cf0000,0x0000000016df0000)]
  0x000000001630a000 JavaThread "AWT-Shutdown" [_thread_blocked, id=10304, stack(0x0000000016bf0000,0x0000000016cf0000)]
  0x0000000016309800 JavaThread "Java2D Disposer" daemon [_thread_blocked, id=10336, stack(0x0000000016af0000,0x0000000016bf0000)]
  0x0000000016016800 JavaThread "Service Thread" daemon [_thread_blocked, id=10384, stack(0x0000000016890000,0x0000000016990000)]
  0x0000000014bee000 JavaThread "C1 CompilerThread2" daemon [_thread_blocked, id=10368, stack(0x0000000016790000,0x0000000016890000)]
  0x0000000014be9800 JavaThread "C2 CompilerThread1" daemon [_thread_blocked, id=10416, stack(0x0000000016690000,0x0000000016790000)]
=>0x0000000014be7800 JavaThread "C2 CompilerThread0" daemon [_thread_in_native, id=10432, stack(0x0000000016590000,0x0000000016690000)]
  0x0000000015fd3000 JavaThread "Attach Listener" daemon [_thread_blocked, id=10448, stack(0x0000000016490000,0x0000000016590000)]
  0x0000000015fd2800 JavaThread "Signal Dispatcher" daemon [_thread_blocked, id=10464, stack(0x0000000016390000,0x0000000016490000)]
  0x00000000025da000 JavaThread "Finalizer" daemon [_thread_blocked, id=10496, stack(0x0000000015e30000,0x0000000015f30000)]
  0x00000000025cf000 JavaThread "Reference Handler" daemon [_thread_blocked, id=10480, stack(0x0000000015d30000,0x0000000015e30000)]

Other Threads:
  0x0000000014b97800 VMThread [stack: 0x0000000015c30000,0x0000000015d30000] [id=10512]
  0x000000001605a000 WatcherThread [stack: 0x0000000016990000,0x0000000016a90000] [id=10400]

VM state:not at safepoint (normal execution)

VM Mutex/Monitor currently owned by a thread: None

Heap:
 PSYoungGen      total 18944K, used 8965K [0x00000000eb300000, 0x00000000ec800000, 0x0000000100000000)
  eden space 16384K, 39% used [0x00000000eb300000,0x00000000eb943480,0x00000000ec300000)
  from space 2560K, 99% used [0x00000000ec300000,0x00000000ec57e040,0x00000000ec580000)
  to   space 2560K, 0% used [0x00000000ec580000,0x00000000ec580000,0x00000000ec800000)
 ParOldGen       total 44032K, used 2570K [0x00000000c1800000, 0x00000000c4300000, 0x00000000eb300000)
  object space 44032K, 5% used [0x00000000c1800000,0x00000000c1a82a10,0x00000000c4300000)
 Metaspace       used 12498K, capacity 12746K, committed 12928K, reserved 1060864K
  class space    used 1453K, capacity 1542K, committed 1664K, reserved 1048576K

Card table byte_map: [0x00000000119a0000,0x0000000011ba0000] byte_map_base: 0x0000000011394000

Marking Bits: (ParMarkBitMap*) 0x000000005e512f70
 Begin Bits: [0x00000000120f0000, 0x0000000013090000)
 End Bits:   [0x0000000013090000, 0x0000000014030000)

Polling page: 0x00000000001f0000

CodeCache: size=245760Kb used=3304Kb max_used=3326Kb free=242455Kb
 bounds [0x00000000025e0000, 0x0000000002930000, 0x00000000115e0000]
 total_blobs=1350 nmethods=861 adapters=402
 compilation: enabled

Compilation events (10 events):
Event: 2.623 Thread 0x0000000014be7800  858   !   4       sun.nio.cs.UnicodeDecoder::decodeLoop (326 bytes)
Event: 2.648 Thread 0x0000000014be7800 nmethod 858 0x00000000029109d0 code [0x0000000002910b40, 0x0000000002911058]
Event: 2.648 Thread 0x0000000014be7800  859       4       java.util.HashMap$HashIterator::hasNext (13 bytes)
Event: 2.649 Thread 0x0000000014be7800 nmethod 859 0x0000000002903110 code [0x0000000002903240, 0x00000000029032b8]
Event: 2.679 Thread 0x0000000014be7800  860       4       sun.font.TrueTypeFont::initAllNames (177 bytes)
Event: 2.735 Thread 0x0000000014bee000  862       3       sun.font.FontDesignMetrics::getLatinCharWidth (29 bytes)
Event: 2.736 Thread 0x0000000014bee000 nmethod 862 0x00000000029163d0 code [0x0000000002916580, 0x00000000029168c8]
Event: 2.851 Thread 0x0000000014be9800 nmethod 857 0x000000000291b910 code [0x000000000291bc60, 0x000000000291f2e8]
Event: 2.852 Thread 0x0000000014be9800  861   !   4       sun.font.SunFontManager::addToPool (131 bytes)
Event: 2.870 Thread 0x0000000014be9800 nmethod 861 0x0000000002912450 code [0x00000000029125c0, 0x0000000002912d28]

GC Heap History (2 events):
Event: 2.340 GC heap before
{Heap before GC invocations=1 (full 0):
 PSYoungGen      total 18944K, used 16384K [0x00000000eb300000, 0x00000000ec800000, 0x0000000100000000)
  eden space 16384K, 100% used [0x00000000eb300000,0x00000000ec300000,0x00000000ec300000)
  from space 2560K, 0% used [0x00000000ec580000,0x00000000ec580000,0x00000000ec800000)
  to   space 2560K, 0% used [0x00000000ec300000,0x00000000ec300000,0x00000000ec580000)
 ParOldGen       total 44032K, used 0K [0x00000000c1800000, 0x00000000c4300000, 0x00000000eb300000)
  object space 44032K, 0% used [0x00000000c1800000,0x00000000c1800000,0x00000000c4300000)
 Metaspace       used 12467K, capacity 12618K, committed 12928K, reserved 1060864K
  class space    used 1452K, capacity 1542K, committed 1664K, reserved 1048576K
Event: 2.352 GC heap after
Heap after GC invocations=1 (full 0):
 PSYoungGen      total 18944K, used 2552K [0x00000000eb300000, 0x00000000ec800000, 0x0000000100000000)
  eden space 16384K, 0% used [0x00000000eb300000,0x00000000eb300000,0x00000000ec300000)
  from space 2560K, 99% used [0x00000000ec300000,0x00000000ec57e040,0x00000000ec580000)
  to   space 2560K, 0% used [0x00000000ec580000,0x00000000ec580000,0x00000000ec800000)
 ParOldGen       total 44032K, used 2570K [0x00000000c1800000, 0x00000000c4300000, 0x00000000eb300000)
  object space 44032K, 5% used [0x00000000c1800000,0x00000000c1a82a10,0x00000000c4300000)
 Metaspace       used 12467K, capacity 12618K, committed 12928K, reserved 1060864K
  class space    used 1452K, capacity 1542K, committed 1664K, reserved 1048576K
}

Deoptimization events (10 events):
Event: 1.439 Thread 0x00000000162b7000 Uncommon trap: reason=unstable_if action=reinterpret pc=0x00000000027d0084 method=java.util.Properties$LineReader.readLine()I @ 252
Event: 1.439 Thread 0x00000000162b7000 Uncommon trap: reason=unstable_if action=reinterpret pc=0x00000000027d29cc method=java.util.Properties.loadConvert([CII[C)Ljava/lang/String; @ 4
Event: 1.504 Thread 0x00000000162b7000 Uncommon trap: reason=unstable_if action=reinterpret pc=0x00000000027e6928 method=java.lang.String.indexOf([CII[CIII)I @ 3
Event: 1.894 Thread 0x00000000162b7000 Uncommon trap: reason=unstable_if action=reinterpret pc=0x00000000027f5340 method=java.lang.CharacterData.of(I)Ljava/lang/CharacterData; @ 4
Event: 2.015 Thread 0x00000000162b7000 Uncommon trap: reason=class_check action=maybe_recompile pc=0x000000000275c0dc method=java.lang.String.equals(Ljava/lang/Object;)Z @ 8
Event: 2.015 Thread 0x00000000162b7000 Uncommon trap: reason=class_check action=maybe_recompile pc=0x000000000275c0dc method=java.lang.String.equals(Ljava/lang/Object;)Z @ 8
Event: 2.015 Thread 0x00000000162b7000 Uncommon trap: reason=class_check action=maybe_recompile pc=0x000000000275c0dc method=java.lang.String.equals(Ljava/lang/Object;)Z @ 8
Event: 2.015 Thread 0x00000000162b7000 Uncommon trap: reason=class_check action=maybe_recompile pc=0x000000000275c0dc method=java.lang.String.equals(Ljava/lang/Object;)Z @ 8
Event: 2.489 Thread 0x00000000162b7000 Uncommon trap: reason=unstable_if action=reinterpret pc=0x00000000028fd174 method=java.lang.Character.isSurrogate(C)Z @ 3
Event: 2.490 Thread 0x00000000162b7000 Uncommon trap: reason=unstable_if action=reinterpret pc=0x000000000285e38c method=java.lang.String.toLowerCase(Ljava/util/Locale;)Ljava/lang/String; @ 37

Internal exceptions (10 events):
Event: 0.072 Thread 0x00000000024e0800 Exception <a 'java/lang/NoSuchMethodError': Method sun.misc.Unsafe.defineClass(Ljava/lang/String;[BII)Ljava/lang/Class; name or signature does not match> (0x00000000eb307cc0) thrown at [C:\re\workspace\8-2-build-windows-amd64-cygwin\jdk8u91\6644\hotspot\srëÀçL—–²?
Event: 0.073 Thread 0x00000000024e0800 Exception <a 'java/lang/NoSuchMethodError': Method sun.misc.Unsafe.prefetchRead(Ljava/lang/Object;J)V name or signature does not match> (0x00000000eb307fa8) thrown at [C:\re\workspace\8-2-build-windows-amd64-cygwin\jdk8u91\6644\hotspot\src\share\vm\prims\j•‰ãþc:Ô?
Event: 0.316 Thread 0x00000000024e0800 Exception <a 'java/security/PrivilegedActionException'> (0x00000000eb3cf488) thrown at [C:\re\workspace\8-2-build-windows-amd64-cygwin\jdk8u91\6644\hotspot\src\share\vm\prims\jvm.cpp, line 1386]
Event: 0.316 Thread 0x00000000024e0800 Exception <a 'java/security/PrivilegedActionException'> (0x00000000eb3cf698) thrown at [C:\re\workspace\8-2-build-windows-amd64-cygwin\jdk8u91\6644\hotspot\src\share\vm\prims\jvm.cpp, line 1386]
Event: 0.319 Thread 0x00000000024e0800 Exception <a 'java/security/PrivilegedActionException'> (0x00000000eb3d3240) thrown at [C:\re\workspace\8-2-build-windows-amd64-cygwin\jdk8u91\6644\hotspot\src\share\vm\prims\jvm.cpp, line 1386]
Event: 0.319 Thread 0x00000000024e0800 Exception <a 'java/security/PrivilegedActionException'> (0x00000000eb3d3450) thrown at [C:\re\workspace\8-2-build-windows-amd64-cygwin\jdk8u91\6644\hotspot\src\share\vm\prims\jvm.cpp, line 1386]
Event: 0.350 Thread 0x00000000024e0800 Exception <a 'java/io/FileNotFoundException'> (0x00000000eb3e7fd0) thrown at [C:\re\workspace\8-2-build-windows-amd64-cygwin\jdk8u91\6644\hotspot\src\share\vm\prims\jni.cpp, line 709]
Event: 0.514 Thread 0x00000000024e0800 Exception <a 'java/lang/NoSuchFieldError': method resolution failed> (0x00000000eb5086c8) thrown at [C:\re\workspace\8-2-build-windows-amd64-cygwin\jdk8u91\6644\hotspot\src\share\vm\prims\methodHandles.cpp, line 1146]
Event: 0.521 Thread 0x00000000024e0800 Exception <a 'java/lang/NoSuchFieldError': method resolution failed> (0x00000000eb515a98) thrown at [C:\re\workspace\8-2-build-windows-amd64-cygwin\jdk8u91\6644\hotspot\src\share\vm\prims\methodHandles.cpp, line 1146]
Event: 0.661 Thread 0x00000000162b7000 Exception <a 'java/io/FileNotFoundException'> (0x00000000eb640030) thrown at [C:\re\workspace\8-2-build-windows-amd64-cygwin\jdk8u91\6644\hotspot\src\share\vm\prims\jni.cpp, line 709]

Events (10 events):
Event: 2.436 loading class java/util/concurrent/ConcurrentHashMap$ValueIterator
Event: 2.437 loading class java/util/concurrent/ConcurrentHashMap$ValueIterator done
Event: 2.489 Thread 0x00000000162b7000 Uncommon trap: trap_request=0xffffff65 fr.pc=0x00000000028fd174
Event: 2.489 Thread 0x00000000162b7000 DEOPT PACKING pc=0x00000000028fd174 sp=0x0000000016ffce90
Event: 2.489 Thread 0x00000000162b7000 DEOPT UNPACKING pc=0x000000000262582a sp=0x0000000016ffcdb8 mode 2
Event: 2.490 Thread 0x00000000162b7000 Uncommon trap: trap_request=0xffffff65 fr.pc=0x000000000285e38c
Event: 2.490 Thread 0x00000000162b7000 DEOPT PACKING pc=0x000000000285e38c sp=0x0000000016ffd380
Event: 2.490 Thread 0x00000000162b7000 DEOPT UNPACKING pc=0x000000000262582a sp=0x0000000016ffd2f8 mode 2
Event: 2.737 loading class com/mysql/jdbc/ProfilerEventHandlerFactory
Event: 2.737 loading class com/mysql/jdbc/ProfilerEventHandlerFactory done


Dynamic libraries:
0x00007ff76b0e0000 - 0x00007ff76b117000 	C:\Program Files\Java\jre1.8.0_91\bin\javaw.exe
0x00007ff9b9ab0000 - 0x00007ff9b9c71000 	C:\WINDOWS\SYSTEM32\ntdll.dll
0x00007ff9b6ec0000 - 0x00007ff9b6f6d000 	C:\WINDOWS\system32\KERNEL32.DLL
0x00007ff9b69f0000 - 0x00007ff9b6bd8000 	C:\WINDOWS\system32\KERNELBASE.dll
0x00007ff9b77a0000 - 0x00007ff9b7847000 	C:\WINDOWS\system32\ADVAPI32.dll
0x00007ff9b78e0000 - 0x00007ff9b797d000 	C:\WINDOWS\system32\msvcrt.dll
0x00007ff9b7480000 - 0x00007ff9b74db000 	C:\WINDOWS\system32\sechost.dll
0x00007ff9b8120000 - 0x00007ff9b823c000 	C:\WINDOWS\system32\RPCRT4.dll
0x00007ff9b6cf0000 - 0x00007ff9b6e46000 	C:\WINDOWS\system32\USER32.dll
0x00007ff9b7b50000 - 0x00007ff9b7cd6000 	C:\WINDOWS\system32\GDI32.dll
0x00007ff9ae710000 - 0x00007ff9ae984000 	C:\WINDOWS\WinSxS\amd64_microsoft.windows.common-controls_6595b64144ccf1df_6.0.10586.0_none_8c15ae12515e1c22\COMCTL32.dll
0x00007ff9b74e0000 - 0x00007ff9b775d000 	C:\WINDOWS\system32\combase.dll
0x00007ff9b6be0000 - 0x00007ff9b6c4a000 	C:\WINDOWS\system32\bcryptPrimitives.dll
0x00007ff9b7760000 - 0x00007ff9b779b000 	C:\WINDOWS\system32\IMM32.DLL
0x000000005da40000 - 0x000000005db12000 	C:\Program Files\Java\jre1.8.0_91\bin\msvcr100.dll
0x000000005dd00000 - 0x000000005e593000 	C:\Program Files\Java\jre1.8.0_91\bin\server\jvm.dll
0x00007ff9b6910000 - 0x00007ff9b6933000 	C:\WINDOWS\system32\WINMM.dll
0x00007ff9b5ed0000 - 0x00007ff9b5efc000 	C:\WINDOWS\system32\WINMMBASE.dll
0x00007ff9b6690000 - 0x00007ff9b66d3000 	C:\WINDOWS\system32\cfgmgr32.dll
0x00007ff9b7470000 - 0x00007ff9b7478000 	C:\WINDOWS\system32\PSAPI.DLL
0x00007ff9b1d90000 - 0x00007ff9b1d99000 	C:\WINDOWS\SYSTEM32\WSOCK32.dll
0x00007ff9b7ae0000 - 0x00007ff9b7b4b000 	C:\WINDOWS\system32\WS2_32.dll
0x00007ff9ab230000 - 0x00007ff9ab23a000 	C:\WINDOWS\SYSTEM32\VERSION.dll
0x000000005dc10000 - 0x000000005dc1f000 	C:\Program Files\Java\jre1.8.0_91\bin\verify.dll
0x000000005dbe0000 - 0x000000005dc09000 	C:\Program Files\Java\jre1.8.0_91\bin\java.dll
0x000000005dbc0000 - 0x000000005dbd6000 	C:\Program Files\Java\jre1.8.0_91\bin\zip.dll
0x00007ff9b8450000 - 0x00007ff9b99ac000 	C:\WINDOWS\system32\SHELL32.dll
0x00007ff9b5f60000 - 0x00007ff9b65a4000 	C:\WINDOWS\system32\windows.storage.dll
0x00007ff9b7fb0000 - 0x00007ff9b8002000 	C:\WINDOWS\system32\shlwapi.dll
0x00007ff9b5ea0000 - 0x00007ff9b5eaf000 	C:\WINDOWS\system32\kernel.appcore.dll
0x00007ff9b65b0000 - 0x00007ff9b6665000 	C:\WINDOWS\system32\shcore.dll
0x00007ff9b5f10000 - 0x00007ff9b5f5b000 	C:\WINDOWS\system32\powrprof.dll
0x00007ff9b5eb0000 - 0x00007ff9b5ec4000 	C:\WINDOWS\system32\profapi.dll
0x000000005d8a0000 - 0x000000005da38000 	C:\Program Files\Java\jre1.8.0_91\bin\awt.dll
0x00007ff9b73a0000 - 0x00007ff9b7461000 	C:\WINDOWS\system32\OLEAUT32.dll
0x00007ff9b4750000 - 0x00007ff9b47c9000 	C:\WINDOWS\system32\apphelp.dll
0x00007ff9b4940000 - 0x00007ff9b49d6000 	C:\WINDOWS\system32\uxtheme.dll
0x00007ff9b7980000 - 0x00007ff9b7ada000 	C:\WINDOWS\system32\MSCTF.dll
0x00007ff9b3b80000 - 0x00007ff9b3ba2000 	C:\WINDOWS\system32\dwmapi.dll
0x00007ff9b8300000 - 0x00007ff9b8443000 	C:\WINDOWS\system32\ole32.dll
0x00007ff98f640000 - 0x00007ff98f850000 	C:\WINDOWS\system32\d3d9.dll
0x00007ff9b1590000 - 0x00007ff9b17ff000 	C:\WINDOWS\SYSTEM32\d3d10warp.dll
0x000000005d850000 - 0x000000005d897000 	C:\Program Files\Java\jre1.8.0_91\bin\fontmanager.dll
0x000000005dba0000 - 0x000000005dbba000 	C:\Program Files\Java\jre1.8.0_91\bin\net.dll
0x00007ff9b5770000 - 0x00007ff9b57cc000 	C:\WINDOWS\system32\mswsock.dll
0x000000005db80000 - 0x000000005db91000 	C:\Program Files\Java\jre1.8.0_91\bin\nio.dll
0x000000005d800000 - 0x000000005d842000 	C:\Program Files\Java\jre1.8.0_91\bin\t2k.dll
0x00007ff9b4890000 - 0x00007ff9b493a000 	C:\WINDOWS\SYSTEM32\DNSAPI.dll
0x00007ff9b78d0000 - 0x00007ff9b78d8000 	C:\WINDOWS\system32\NSI.dll
0x00007ff9ab8e0000 - 0x00007ff9ab8ea000 	C:\Windows\System32\rasadhlp.dll
0x00007ff9af4e0000 - 0x00007ff9af547000 	C:\WINDOWS\System32\fwpuclnt.dll
0x00007ff9b5dd0000 - 0x00007ff9b5df9000 	C:\WINDOWS\SYSTEM32\bcrypt.dll

VM Arguments:
jvm_args: -Dfile.encoding=GBK 
java_command: exam.Grade_view
java_class_path (initial): C:\Users\HP-PC\Desktop\WorkSpace\Exam\bin;C:\Users\HP-PC\Desktop\WorkSpace\Exam\lib\mysql-connector-java-5.1.39-bin.jar
Launcher Type: SUN_STANDARD

Environment Variables:
JAVA_HOME=C:\Program Files\Java\jdk1.8.0_91
CLASSPATH= .;C:\Program Files\Java\jdk1.8.0_91\lib;C:\Program Files\Java\jdk1.8.0_91\lib\tools.jar
PATH=C:/Program Files/Java/jre1.8.0_91/bin/server;C:/Program Files/Java/jre1.8.0_91/bin;C:/Program Files/Java/jre1.8.0_91/lib/amd64;C:\ProgramData\Oracle\Java\javapath;C:\Program Files (x86)\AMD APP\bin\x86_64;C:\Program Files (x86)\AMD APP\bin\x86;C:\WINDOWS\system32;C:\WINDOWS;C:\WINDOWS\System32\Wbem;C:\WINDOWS\System32\WindowsPowerShell\v1.0\;C:\Program Files (x86)\ATI Technologies\ATI.ACE\Core-Static;C:\Program Files (x86)\Intel\OpenCL SDK\3.0\bin\x86;C:\Program Files (x86)\Intel\OpenCL SDK\3.0\bin\x64;C:\Program Files (x86)\Yuguo;C:\Program Files\Microsoft\Web Platform Installer\;C:\Program Files (x86)\MySQL\MySQL Fabric 1.5 & MySQL Utilities 1.5\;C:\Program Files (x86)\MySQL\MySQL Fabric 1.5 & MySQL Utilities 1.5\Doctrine extensions for PHP\;C:\Program Files\Java\jdk1.8.0_91\bin\javaw;F:\eclipse;
USERNAME=HP-PC
OS=Windows_NT
PROCESSOR_IDENTIFIER=Intel64 Family 6 Model 58 Stepping 9, GenuineIntel



---------------  S Y S T E M  ---------------

OS: Windows 10.0 , 64 bit Build 10586 (10.0.10586.0)

CPU:total 4 (2 cores per cpu, 2 threads per core) family 6 model 58 stepping 9, cmov, cx8, fxsr, mmx, sse, sse2, sse3, ssse3, sse4.1, sse4.2, popcnt, avx, aes, clmul, erms, ht, tsc, tscinvbit, tscinv

Memory: 4k page, physical 4090216k(879540k free), swap 8275852k(5600k free)

vm_info: Java HotSpot(TM) 64-Bit Server VM (25.91-b14) for windows-amd64 JRE (1.8.0_91-b14), built on Apr  1 2016 00:58:32 by "java_re" with MS VC++ 10.0 (VS2010)

time: Tue Jul 05 11:37:17 2016
elapsed time: 3 seconds (0d 0h 0m 3s)

